<?xml version="1.0" encoding="UTF-8"?>
<testsuite xmlns:xsi="http://www.w3.org/2001/XMLSchema-instance" xsi:noNamespaceSchemaLocation="https://maven.apache.org/surefire/maven-surefire-plugin/xsd/surefire-test-report.xsd" name="com.example.AppTest" time="0.041" tests="16" errors="0" skipped="0" failures="0">
  <properties>
    <property name="java.specification.version" value="21"/>
    <property name="sun.jnu.encoding" value="UTF-8"/>
    <property name="java.class.path" value="/Users/nathankovac/assignment-4-sef/assignment_four/target/test-classes:/Users/nathankovac/assignment-4-sef/assignment_four/target/classes:/Users/nathankovac/.m2/repository/junit/junit/4.11/junit-4.11.jar:/Users/nathankovac/.m2/repository/org/hamcrest/hamcrest-core/1.3/hamcrest-core-1.3.jar:"/>
    <property name="java.vm.vendor" value="Oracle Corporation"/>
    <property name="sun.arch.data.model" value="64"/>
    <property name="java.vendor.url" value="https://java.oracle.com/"/>
    <property name="os.name" value="Mac OS X"/>
    <property name="java.vm.specification.version" value="21"/>
    <property name="user.country" value="AU"/>
    <property name="sun.java.launcher" value="SUN_STANDARD"/>
    <property name="sun.boot.library.path" value="/Library/Java/JavaVirtualMachines/jdk-21.jdk/Contents/Home/lib"/>
    <property name="sun.java.command" value="/Users/nathankovac/assignment-4-sef/assignment_four/target/surefire/surefirebooter10847127379846254858.jar /Users/nathankovac/assignment-4-sef/assignment_four/target/surefire 2025-06-05T15-33-37_320-jvmRun1 surefire11231131436333605914tmp surefire_010716173897403261130tmp"/>
    <property name="http.nonProxyHosts" value="local|*.local|169.254/16|*.169.254/16"/>
    <property name="jdk.debug" value="release"/>
    <property name="test" value="com.example.AppTest"/>
    <property name="surefire.test.class.path" value="/Users/nathankovac/assignment-4-sef/assignment_four/target/test-classes:/Users/nathankovac/assignment-4-sef/assignment_four/target/classes:/Users/nathankovac/.m2/repository/junit/junit/4.11/junit-4.11.jar:/Users/nathankovac/.m2/repository/org/hamcrest/hamcrest-core/1.3/hamcrest-core-1.3.jar:"/>
    <property name="sun.cpu.endian" value="little"/>
    <property name="user.home" value="/Users/nathankovac"/>
    <property name="user.language" value="en"/>
    <property name="java.specification.vendor" value="Oracle Corporation"/>
    <property name="java.version.date" value="2025-01-21"/>
    <property name="java.home" value="/Library/Java/JavaVirtualMachines/jdk-21.jdk/Contents/Home"/>
    <property name="file.separator" value="/"/>
    <property name="basedir" value="/Users/nathankovac/assignment-4-sef/assignment_four"/>
    <property name="java.vm.compressedOopsMode" value="Zero based"/>
    <property name="line.separator" value="&#10;"/>
    <property name="java.vm.specification.vendor" value="Oracle Corporation"/>
    <property name="java.specification.name" value="Java Platform API Specification"/>
    <property name="apple.awt.application.name" value="ForkedBooter"/>
    <property name="surefire.real.class.path" value="/Users/nathankovac/assignment-4-sef/assignment_four/target/surefire/surefirebooter10847127379846254858.jar"/>
    <property name="sun.management.compiler" value="HotSpot 64-Bit Tiered Compilers"/>
    <property name="ftp.nonProxyHosts" value="local|*.local|169.254/16|*.169.254/16"/>
    <property name="java.runtime.version" value="21.0.6+8-LTS-188"/>
    <property name="user.name" value="nathankovac"/>
    <property name="stdout.encoding" value="UTF-8"/>
    <property name="path.separator" value=":"/>
    <property name="os.version" value="14.5"/>
    <property name="java.runtime.name" value="Java(TM) SE Runtime Environment"/>
    <property name="file.encoding" value="UTF-8"/>
    <property name="java.vm.name" value="Java HotSpot(TM) 64-Bit Server VM"/>
    <property name="maven.ext.class.path" value="/Users/nathankovac/.vscode/extensions/oracle.oracle-java-24.0.0/nbcode/java/maven-nblib/netbeans-eventspy.jar"/>
    <property name="localRepository" value="/Users/nathankovac/.m2/repository"/>
    <property name="java.vendor.url.bug" value="https://bugreport.java.com/bugreport/"/>
    <property name="java.io.tmpdir" value="/var/folders/vg/tfyd59010rg4ksd8wvs4mmtm0000gn/T/"/>
    <property name="java.version" value="21.0.6"/>
    <property name="user.dir" value="/Users/nathankovac/assignment-4-sef/assignment_four"/>
    <property name="os.arch" value="aarch64"/>
    <property name="java.vm.specification.name" value="Java Virtual Machine Specification"/>
    <property name="native.encoding" value="UTF-8"/>
    <property name="java.library.path" value="/Users/nathankovac/Library/Java/Extensions:/Library/Java/Extensions:/Network/Library/Java/Extensions:/System/Library/Java/Extensions:/usr/lib/java:."/>
    <property name="java.vm.info" value="mixed mode, sharing"/>
    <property name="stderr.encoding" value="UTF-8"/>
    <property name="java.vendor" value="Oracle Corporation"/>
    <property name="java.vm.version" value="21.0.6+8-LTS-188"/>
    <property name="sun.io.unicode.encoding" value="UnicodeBig"/>
    <property name="socksNonProxyHosts" value="local|*.local|169.254/16|*.169.254/16"/>
    <property name="java.class.version" value="65.0"/>
  </properties>
  <testcase name="updatePersonalDetailsInvalidAddressChange" classname="com.example.AppTest" time="0.011"/>
  <testcase name="shouldAnswerWithTrue" classname="com.example.AppTest" time="0"/>
  <testcase name="updatePersonalDetailsInvalidIDChange" classname="com.example.AppTest" time="0.001"/>
  <testcase name="addPersonInvalidAddress" classname="com.example.AppTest" time="0"/>
  <testcase name="addPersonInvalidIDLength" classname="com.example.AppTest" time="0.001"/>
  <testcase name="updatePersonalDetailsinValidNameChange" classname="com.example.AppTest" time="0.003"/>
  <testcase name="updatePersonalDetailsinValidAddressChange" classname="com.example.AppTest" time="0"/>
  <testcase name="addDemeritSuspension" classname="com.example.AppTest" time="0.004"/>
  <testcase name="addPersonValid" classname="com.example.AppTest" time="0"/>
  <testcase name="addDemeritPoints" classname="com.example.AppTest" time="0.003"/>
  <testcase name="addDemeritDateInvalid" classname="com.example.AppTest" time="0"/>
  <testcase name="addPersonInvalidState" classname="com.example.AppTest" time="0"/>
  <testcase name="addDemeritInvalidPoints" classname="com.example.AppTest" time="0.004"/>
  <testcase name="updatePersonalDetailsValid" classname="com.example.AppTest" time="0.002"/>
  <testcase name="addPersonInvalidID" classname="com.example.AppTest" time="0"/>
  <testcase name="addDemeritPointsInactive" classname="com.example.AppTest" time="0"/>
</testsuite>